# JRE version: OpenJDK Runtime Environment (21.0.1+12) (build 21.0.1+12-29)
# Java VM: OpenJDK 64-Bit Server VM (21.0.1+12-29, mixed mode, sharing, tiered, compressed oops, compressed class ptrs, g1 gc, bsd-aarch64)
Heap:
 garbage-first heap   total 133120K, used 98655K [0x0000000780000000, 0x0000000800000000)
  region size 1024K, 32 young (32768K), 2 survivors (2048K)
 Metaspace       used 7569K, committed 7744K, reserved 1114112K
  class space    used 801K, committed 896K, reserved 1048576K
GC Heap History (14 events):
Event: 0.434 GC heap before
{Heap before GC invocations=0 (full 0):
 garbage-first heap   total 133120K, used 8204K [0x0000000780000000, 0x0000000800000000)
  region size 1024K, 8 young (8192K), 0 survivors (0K)
 Metaspace       used 6519K, committed 6784K, reserved 1114112K
  class space    used 729K, committed 832K, reserved 1048576K
}
Event: 0.436 GC heap after
{Heap after GC invocations=1 (full 0):
 garbage-first heap   total 133120K, used 2604K [0x0000000780000000, 0x0000000800000000)
  region size 1024K, 2 young (2048K), 2 survivors (2048K)
 Metaspace       used 6519K, committed 6784K, reserved 1114112K
  class space    used 729K, committed 832K, reserved 1048576K
}
Event: 0.606 GC heap before
{Heap before GC invocations=1 (full 0):
 garbage-first heap   total 133120K, used 101932K [0x0000000780000000, 0x0000000800000000)
  region size 1024K, 36 young (36864K), 2 survivors (2048K)
 Metaspace       used 6673K, committed 6912K, reserved 1114112K
  class space    used 735K, committed 832K, reserved 1048576K
}
Event: 0.607 GC heap after
{Heap after GC invocations=2 (full 0):
 garbage-first heap   total 133120K, used 68085K [0x0000000780000000, 0x0000000800000000)
  region size 1024K, 2 young (2048K), 2 survivors (2048K)
 Metaspace       used 6673K, committed 6912K, reserved 1114112K
  class space    used 735K, committed 832K, reserved 1048576K
}
Event: 244.378 GC heap before
{Heap before GC invocations=2 (full 0):
 garbage-first heap   total 133120K, used 122357K [0x0000000780000000, 0x0000000800000000)
  region size 1024K, 55 young (56320K), 2 survivors (2048K)
 Metaspace       used 7569K, committed 7744K, reserved 1114112K
  class space    used 801K, committed 896K, reserved 1048576K
}
Event: 244.391 GC heap after
{Heap after GC invocations=3 (full 0):
 garbage-first heap   total 133120K, used 67971K [0x0000000780000000, 0x0000000800000000)
  region size 1024K, 2 young (2048K), 2 survivors (2048K)
 Metaspace       used 7569K, committed 7744K, reserved 1114112K
  class space    used 801K, committed 896K, reserved 1048576K
}
Event: 1098.981 GC heap before
{Heap before GC invocations=4 (full 0):
 garbage-first heap   total 133120K, used 122243K [0x0000000780000000, 0x0000000800000000)
  region size 1024K, 55 young (56320K), 2 survivors (2048K)
 Metaspace       used 7569K, committed 7744K, reserved 1114112K
  class space    used 801K, committed 896K, reserved 1048576K
}
Event: 1098.988 GC heap after
{Heap after GC invocations=5 (full 0):
 garbage-first heap   total 133120K, used 67973K [0x0000000780000000, 0x0000000800000000)
  region size 1024K, 2 young (2048K), 2 survivors (2048K)
 Metaspace       used 7569K, committed 7744K, reserved 1114112K
  class space    used 801K, committed 896K, reserved 1048576K
}
Event: 1880.074 GC heap before
{Heap before GC invocations=5 (full 0):
 garbage-first heap   total 133120K, used 122245K [0x0000000780000000, 0x0000000800000000)
  region size 1024K, 55 young (56320K), 2 survivors (2048K)
 Metaspace       used 7569K, committed 7744K, reserved 1114112K
  class space    used 801K, committed 896K, reserved 1048576K
}
Event: 1880.090 GC heap after
{Heap after GC invocations=6 (full 0):
 garbage-first heap   total 133120K, used 67992K [0x0000000780000000, 0x0000000800000000)
  region size 1024K, 2 young (2048K), 2 survivors (2048K)
 Metaspace       used 7569K, committed 7744K, reserved 1114112K
  class space    used 801K, committed 896K, reserved 1048576K
}
Event: 2672.794 GC heap before
{Heap before GC invocations=6 (full 0):
 garbage-first heap   total 133120K, used 122264K [0x0000000780000000, 0x0000000800000000)
  region size 1024K, 55 young (56320K), 2 survivors (2048K)
 Metaspace       used 7569K, committed 7744K, reserved 1114112K
  class space    used 801K, committed 896K, reserved 1048576K
}
Event: 2672.808 GC heap after
{Heap after GC invocations=7 (full 0):
 garbage-first heap   total 133120K, used 67994K [0x0000000780000000, 0x0000000800000000)
  region size 1024K, 2 young (2048K), 2 survivors (2048K)
 Metaspace       used 7569K, committed 7744K, reserved 1114112K
  class space    used 801K, committed 896K, reserved 1048576K
}
Event: 3468.499 GC heap before
{Heap before GC invocations=8 (full 0):
 garbage-first heap   total 133120K, used 122266K [0x0000000780000000, 0x0000000800000000)
  region size 1024K, 55 young (56320K), 2 survivors (2048K)
 Metaspace       used 7569K, committed 7744K, reserved 1114112K
  class space    used 801K, committed 896K, reserved 1048576K
}
Event: 3468.511 GC heap after
{Heap after GC invocations=9 (full 0):
 garbage-first heap   total 133120K, used 67935K [0x0000000780000000, 0x0000000800000000)
  region size 1024K, 2 young (2048K), 2 survivors (2048K)
 Metaspace       used 7569K, committed 7744K, reserved 1114112K
  class space    used 801K, committed 896K, reserved 1048576K
}

